<?xml version="1.0" encoding="UTF-8"?>
<testng-results ignored="0" total="3" passed="2" failed="1" skipped="0">
  <reporter-output>
  </reporter-output>
  <suite started-at="2023-11-01T17:36:49 IST" name="Execution Flow Demo Suite" finished-at="2023-11-01T17:37:09 IST" duration-ms="19600">
    <groups>
    </groups>
    <test started-at="2023-11-01T17:36:49 IST" name="Test" finished-at="2023-11-01T17:37:09 IST" duration-ms="19600">
      <class name="com.anvsystems.executionflow.FlowExecutionTest">
        <test-method is-config="true" signature="beforeTest()[pri:0, instance:com.anvsystems.executionflow.FlowExecutionTest@7c7b252e]" started-at="2023-11-01T17:36:49 IST" name="beforeTest" finished-at="2023-11-01T17:36:49 IST" duration-ms="25" status="PASS">
          <reporter-output>
          </reporter-output>
        </test-method> <!-- beforeTest -->
        <test-method is-config="true" signature="beforeMethod()[pri:0, instance:com.anvsystems.executionflow.FlowExecutionTest@7c7b252e]" started-at="2023-11-01T17:37:09 IST" name="beforeMethod" finished-at="2023-11-01T17:37:09 IST" duration-ms="0" status="PASS">
          <reporter-output>
          </reporter-output>
        </test-method> <!-- beforeMethod -->
        <test-method signature="test1()[pri:0, instance:com.anvsystems.executionflow.FlowExecutionTest@7c7b252e]" started-at="2023-11-01T17:37:09 IST" name="test1" finished-at="2023-11-01T17:37:09 IST" duration-ms="2" status="PASS">
          <reporter-output>
          </reporter-output>
        </test-method> <!-- test1 -->
        <test-method is-config="true" signature="afterMethod()[pri:0, instance:com.anvsystems.executionflow.FlowExecutionTest@7c7b252e]" started-at="2023-11-01T17:37:09 IST" name="afterMethod" finished-at="2023-11-01T17:37:09 IST" duration-ms="1" status="PASS">
          <reporter-output>
          </reporter-output>
        </test-method> <!-- afterMethod -->
        <test-method is-config="true" signature="afterTest()[pri:0, instance:com.anvsystems.executionflow.FlowExecutionTest@7c7b252e]" started-at="2023-11-01T17:37:09 IST" name="afterTest" finished-at="2023-11-01T17:37:09 IST" duration-ms="1" status="PASS">
          <reporter-output>
          </reporter-output>
        </test-method> <!-- afterTest -->
      </class> <!-- com.anvsystems.executionflow.FlowExecutionTest -->
      <class name="com.anvsystems.executionflow.PaymentFlowTest">
        <test-method is-config="true" signature="testSetupStage()[pri:0, instance:com.anvsystems.executionflow.PaymentFlowTest@6302bbb1]" started-at="2023-11-01T17:36:49 IST" name="testSetupStage" finished-at="2023-11-01T17:36:49 IST" duration-ms="2" status="PASS">
          <reporter-output>
          </reporter-output>
        </test-method> <!-- testSetupStage -->
        <test-method is-config="true" signature="createNewBrowserStep()[pri:0, instance:com.anvsystems.executionflow.PaymentFlowTest@6302bbb1]" started-at="2023-11-01T17:36:49 IST" name="createNewBrowserStep" finished-at="2023-11-01T17:36:51 IST" duration-ms="2153" status="PASS">
          <reporter-output>
          </reporter-output>
        </test-method> <!-- createNewBrowserStep -->
        <test-method signature="addItemToCartTest()[pri:0, instance:com.anvsystems.executionflow.PaymentFlowTest@6302bbb1]" started-at="2023-11-01T17:36:51 IST" name="addItemToCartTest" finished-at="2023-11-01T17:37:07 IST" duration-ms="15335" status="PASS">
          <reporter-output>
          </reporter-output>
        </test-method> <!-- addItemToCartTest -->
        <test-method is-config="true" signature="closeBrowser()[pri:0, instance:com.anvsystems.executionflow.PaymentFlowTest@6302bbb1]" started-at="2023-11-01T17:37:07 IST" name="closeBrowser" finished-at="2023-11-01T17:37:07 IST" duration-ms="450" status="PASS">
          <reporter-output>
          </reporter-output>
        </test-method> <!-- closeBrowser -->
        <test-method is-config="true" signature="createNewBrowserStep()[pri:0, instance:com.anvsystems.executionflow.PaymentFlowTest@6302bbb1]" started-at="2023-11-01T17:37:07 IST" name="createNewBrowserStep" finished-at="2023-11-01T17:37:08 IST" duration-ms="1189" status="PASS">
          <reporter-output>
          </reporter-output>
        </test-method> <!-- createNewBrowserStep -->
        <test-method signature="checkoutTest()[pri:0, instance:com.anvsystems.executionflow.PaymentFlowTest@6302bbb1]" started-at="2023-11-01T17:37:08 IST" name="checkoutTest" finished-at="2023-11-01T17:37:08 IST" duration-ms="43" status="FAIL">
          <exception class="java.lang.AssertionError">
            <message>
              <![CDATA[expected [false] but found [true]]]>
            </message>
            <full-stacktrace>
              <![CDATA[java.lang.AssertionError: expected [false] but found [true]
at org.testng.Assert.fail(Assert.java:111)
at org.testng.Assert.failNotEquals(Assert.java:1578)
at org.testng.Assert.assertEqualsImpl(Assert.java:150)
at org.testng.Assert.assertEquals(Assert.java:132)
at org.testng.Assert.assertEquals(Assert.java:1067)
at org.testng.Assert.assertEquals(Assert.java:1031)
at org.testng.Assert.assertEquals(Assert.java:1077)
at com.anvsystems.executionflow.PaymentFlowTest.checkoutTest(PaymentFlowTest.java:39)
at java.base/jdk.internal.reflect.NativeMethodAccessorImpl.invoke0(Native Method)
at java.base/jdk.internal.reflect.NativeMethodAccessorImpl.invoke(NativeMethodAccessorImpl.java:77)
at java.base/jdk.internal.reflect.DelegatingMethodAccessorImpl.invoke(DelegatingMethodAccessorImpl.java:43)
at java.base/java.lang.reflect.Method.invoke(Method.java:568)
at org.testng.internal.invokers.MethodInvocationHelper.invokeMethod(MethodInvocationHelper.java:139)
at org.testng.internal.invokers.TestInvoker.invokeMethod(TestInvoker.java:664)
at org.testng.internal.invokers.TestInvoker.invokeTestMethod(TestInvoker.java:227)
at org.testng.internal.invokers.MethodRunner.runInSequence(MethodRunner.java:50)
at org.testng.internal.invokers.TestInvoker$MethodInvocationAgent.invoke(TestInvoker.java:957)
at org.testng.internal.invokers.TestInvoker.invokeTestMethods(TestInvoker.java:200)
at org.testng.internal.invokers.TestMethodWorker.invokeTestMethods(TestMethodWorker.java:148)
at org.testng.internal.invokers.TestMethodWorker.run(TestMethodWorker.java:128)
at java.base/java.util.ArrayList.forEach(ArrayList.java:1511)
at org.testng.TestRunner.privateRun(TestRunner.java:848)
at org.testng.TestRunner.run(TestRunner.java:621)
at org.testng.SuiteRunner.runTest(SuiteRunner.java:443)
at org.testng.SuiteRunner.runSequentially(SuiteRunner.java:437)
at org.testng.SuiteRunner.privateRun(SuiteRunner.java:397)
at org.testng.SuiteRunner.run(SuiteRunner.java:336)
at org.testng.SuiteRunnerWorker.runSuite(SuiteRunnerWorker.java:52)
at org.testng.SuiteRunnerWorker.run(SuiteRunnerWorker.java:95)
at org.testng.TestNG.runSuitesSequentially(TestNG.java:1280)
at org.testng.TestNG.runSuitesLocally(TestNG.java:1200)
at org.testng.TestNG.runSuites(TestNG.java:1114)
at org.testng.TestNG.run(TestNG.java:1082)
at org.testng.remote.AbstractRemoteTestNG.run(AbstractRemoteTestNG.java:115)
at org.testng.remote.RemoteTestNG.initAndRun(RemoteTestNG.java:251)
at org.testng.remote.RemoteTestNG.main(RemoteTestNG.java:77)
]]>
            </full-stacktrace>
          </exception> <!-- java.lang.AssertionError -->
          <reporter-output>
          </reporter-output>
        </test-method> <!-- checkoutTest -->
        <test-method is-config="true" signature="closeBrowser()[pri:0, instance:com.anvsystems.executionflow.PaymentFlowTest@6302bbb1]" started-at="2023-11-01T17:37:08 IST" name="closeBrowser" finished-at="2023-11-01T17:37:09 IST" duration-ms="267" status="PASS">
          <reporter-output>
          </reporter-output>
        </test-method> <!-- closeBrowser -->
      </class> <!-- com.anvsystems.executionflow.PaymentFlowTest -->
    </test> <!-- Test -->
  </suite> <!-- Execution Flow Demo Suite -->
</testng-results>
