<?xml version="1.0" encoding="UTF-8"?>
<!-- Generated by org.testng.reporters.JUnitXMLReporter -->
<testsuite ignored="0" hostname="LAPTOP-L65L2QGF" failures="1" tests="3" name="Test" time="19.6" errors="0" timestamp="2023-11-01T17:37:09 IST">
  <testcase classname="com.anvsystems.executionflow.PaymentFlowTest" name="addItemToCartTest" time="15.335"/>
  <testcase classname="com.anvsystems.executionflow.PaymentFlowTest" name="checkoutTest" time="0.043">
    <failure type="java.lang.AssertionError" message="expected [false] but found [true]">
      <![CDATA[java.lang.AssertionError: expected [false] but found [true]
at com.anvsystems.executionflow.PaymentFlowTest.checkoutTest(PaymentFlowTest.java:39)
at java.base/java.util.ArrayList.forEach(ArrayList.java:1511)
... Removed 34 stack frames]]>
    </failure>
  </testcase> <!-- checkoutTest -->
  <testcase classname="com.anvsystems.executionflow.FlowExecutionTest" name="test1" time="0.002"/>
</testsuite> <!-- Test -->
